<?xml version="1.0" encoding="UTF-8"?>
<!-- Generated by org.testng.reporters.JUnitXMLReporter -->
<testsuite hostname="MNAYAK2L3" ignored="0" name="web-test" tests="4" failures="1" timestamp="20 Sep 2019 09:59:13 GMT" time="71.102" errors="0">
  <testcase name="signIn" time="8.829" classname="com.hellofresh.challenge.WebTest"/>
  <testcase name="logInTest" time="3.833" classname="com.hellofresh.challenge.WebTest"/>
  <testcase name="failedlogInTest" time="3.684" classname="com.hellofresh.challenge.WebTest">
    <failure type="java.lang.AssertionError" message="Fail ::TC failed">
      <![CDATA[java.lang.AssertionError: Fail ::TC failed
at com.hellofresh.driver.DriverManager.logReport(DriverManager.java:93)
at com.hellofresh.challenge.WebTest.failedlogInTest(WebTest.java:73)
at java.util.concurrent.FutureTask.run(FutureTask.java:266)
at java.util.concurrent.ThreadPoolExecutor.runWorker(ThreadPoolExecutor.java:1142)
at java.util.concurrent.ThreadPoolExecutor$Worker.run(ThreadPoolExecutor.java:617)
at java.lang.Thread.run(Thread.java:745)
... Removed 17 stack frames]]>
    </failure>
  </testcase> <!-- failedlogInTest -->
  <testcase name="checkoutTest" time="18.458" classname="com.hellofresh.challenge.WebTest"/>
</testsuite> <!-- web-test -->
